<?xml version="1.0" encoding="UTF-8"?>
<testsuite xmlns:xsi="http://www.w3.org/2001/XMLSchema-instance" xsi:noNamespaceSchemaLocation="https://maven.apache.org/surefire/maven-surefire-plugin/xsd/surefire-test-report-3.0.xsd" version="3.0" name="org.studyeasy.MathFunctionsTest" time="0.035" tests="4" errors="0" skipped="1" failures="0">
  <properties>
[...]
</properties>
  <testcase name="testAdd" classname="org.studyeasy.MathFunctionsTest" time="0.019"/>
  <testcase name="testSub" classname="org.studyeasy.MathFunctionsTest" time="0.001"/>
  <testcase name="testDivide" classname="org.studyeasy.MathFunctionsTest" time="0">
    <skipped message="void org.studyeasy.MathFunctionsTest.testDivide() is @Disabled"/>
  </testcase>
  <testcase name="testMultiple" classname="org.studyeasy.MathFunctionsTest" time="0.003"/>
</testsuite>